TN:
SF:/Users/jdidinya/homestead/code/advanced-vue-vuex-JWT-API/src/components/HelloWorld.vue
FNF:0
FNH:0
DA:90,1
LF:1
LH:1
BRF:0
BRH:0
end_of_record
TN:
SF:/Users/jdidinya/homestead/code/advanced-vue-vuex-JWT-API/src/App.vue
FNF:0
FNH:0
DA:17,0
LF:1
LH:0
BRF:0
BRH:0
end_of_record
TN:
SF:/Users/jdidinya/homestead/code/advanced-vue-vuex-JWT-API/src/components/Layout.vue
FNF:0
FNH:0
DA:12,0
LF:1
LH:0
BRF:0
BRH:0
end_of_record
TN:
SF:/Users/jdidinya/homestead/code/advanced-vue-vuex-JWT-API/src/components/TopBarNav.vue
FNF:0
FNH:0
DA:5,0
LF:1
LH:0
BRF:0
BRH:0
end_of_record
TN:
SF:/Users/jdidinya/homestead/code/advanced-vue-vuex-JWT-API/src/components/FooterSection.vue
FNF:0
FNH:0
DA:11,0
LF:1
LH:0
BRF:0
BRH:0
end_of_record
TN:
SF:/Users/jdidinya/homestead/code/advanced-vue-vuex-JWT-API/src/components/About.vue
FNF:0
FNH:0
DA:11,0
LF:1
LH:0
BRF:0
BRH:0
end_of_record
TN:
SF:/Users/jdidinya/homestead/code/advanced-vue-vuex-JWT-API/src/components/PageHeader.vue
FNF:0
FNH:0
DA:16,0
LF:1
LH:0
BRF:0
BRH:0
end_of_record
TN:
SF:/Users/jdidinya/homestead/code/advanced-vue-vuex-JWT-API/src/components/ContentArea.vue
FNF:0
FNH:0
DA:9,0
LF:1
LH:0
BRF:0
BRH:0
end_of_record
TN:
SF:/Users/jdidinya/homestead/code/advanced-vue-vuex-JWT-API/src/components/SideBarNav.vue
FN:24,(anonymous_0)
FN:28,(anonymous_1)
FNF:2
FNH:0
FNDA:0,(anonymous_0)
FNDA:0,(anonymous_1)
DA:6,0
DA:14,0
DA:15,0
DA:24,0
DA:25,0
DA:26,0
DA:29,0
DA:30,0
LF:8
LH:0
BRF:0
BRH:0
end_of_record
TN:
SF:/Users/jdidinya/homestead/code/advanced-vue-vuex-JWT-API/src/components/AboutOurMission.vue
FNF:0
FNH:0
DA:12,0
LF:1
LH:0
BRF:0
BRH:0
end_of_record
TN:
SF:/Users/jdidinya/homestead/code/advanced-vue-vuex-JWT-API/src/components/AboutOurVision.vue
FNF:0
FNH:0
DA:12,0
LF:1
LH:0
BRF:0
BRH:0
end_of_record
TN:
SF:/Users/jdidinya/homestead/code/advanced-vue-vuex-JWT-API/src/components/AddBlogForm.vue
FN:58,(anonymous_0)
FN:62,(anonymous_1)
FNF:2
FNH:0
FNDA:0,(anonymous_0)
FNDA:0,(anonymous_1)
DA:6,0
DA:20,0
DA:29,0
DA:30,0
DA:31,0
DA:32,0
DA:40,0
DA:41,0
DA:42,0
DA:43,0
DA:51,0
DA:52,0
DA:59,0
DA:63,0
LF:14
LH:0
BRDA:31,0,0,0
BRDA:31,0,1,0
BRDA:31,1,0,0
BRDA:31,1,1,0
BRDA:31,1,2,0
BRF:5
BRH:0
end_of_record
TN:
SF:/Users/jdidinya/homestead/code/advanced-vue-vuex-JWT-API/src/components/ApiRequest.vue
FNF:0
FNH:0
DA:13,0
DA:26,0
DA:32,0
LF:3
LH:0
BRF:0
BRH:0
end_of_record
TN:
SF:/Users/jdidinya/homestead/code/advanced-vue-vuex-JWT-API/src/components/BlogDetails.vue
FN:20,(anonymous_0)
FNF:1
FNH:0
FNDA:0,(anonymous_0)
DA:7,0
DA:19,0
DA:20,0
DA:21,0
DA:22,0
DA:25,0
DA:26,0
DA:30,0
LF:8
LH:0
BRF:0
BRH:0
end_of_record
TN:
SF:/Users/jdidinya/homestead/code/advanced-vue-vuex-JWT-API/src/components/BlogPagination.vue
FNF:0
FNH:0
DA:18,0
LF:1
LH:0
BRF:0
BRH:0
end_of_record
TN:
SF:/Users/jdidinya/homestead/code/advanced-vue-vuex-JWT-API/src/components/BlogsList.vue
FNF:0
FNH:0
DA:9,0
DA:14,0
DA:17,0
DA:18,0
DA:19,0
DA:21,0
DA:22,0
LF:7
LH:0
BRDA:18,0,0,0
BRDA:18,0,1,0
BRF:2
BRH:0
end_of_record
TN:
SF:/Users/jdidinya/homestead/code/advanced-vue-vuex-JWT-API/src/components/Contact.vue
FNF:0
FNH:0
DA:12,0
LF:1
LH:0
BRF:0
BRH:0
end_of_record
TN:
SF:/Users/jdidinya/homestead/code/advanced-vue-vuex-JWT-API/src/components/Home.vue
FN:31,(anonymous_0)
FN:36,(anonymous_1)
FNF:2
FNH:0
FNDA:0,(anonymous_0)
FNDA:0,(anonymous_1)
DA:22,0
DA:31,0
DA:32,0
DA:33,0
DA:37,0
DA:38,0
DA:45,0
DA:46,0
DA:52,0
LF:9
LH:0
BRF:0
BRH:0
end_of_record
TN:
SF:/Users/jdidinya/homestead/code/advanced-vue-vuex-JWT-API/src/components/KarmaTest.vue
FNF:0
FNH:0
DA:5,0
LF:1
LH:0
BRF:0
BRH:0
end_of_record
TN:
SF:/Users/jdidinya/homestead/code/advanced-vue-vuex-JWT-API/src/router/index.js
FNF:0
FNH:0
DA:12,1
LF:1
LH:1
BRF:0
BRH:0
end_of_record
TN:
SF:/Users/jdidinya/homestead/code/advanced-vue-vuex-JWT-API/src/store/store.js
FN:46,(anonymous_0)
FN:49,(anonymous_1)
FN:55,(anonymous_2)
FN:56,(anonymous_3)
FNF:4
FNH:0
FNDA:0,(anonymous_0)
FNDA:0,(anonymous_1)
FNDA:0,(anonymous_2)
FNDA:0,(anonymous_3)
DA:5,1
DA:6,1
DA:33,0
DA:36,0
DA:39,0
DA:43,0
DA:45,0
DA:47,0
DA:55,0
DA:56,0
LF:10
LH:2
BRF:0
BRH:0
end_of_record
